[INFO ] 2023-04-28 16:01:51.756 [main] > Main >> main - Initialising program...
[INFO ] 2023-04-28 16:01:51.834 [JavaFX Application Thread] > Main >> start - Initialising Scene...
[INFO ] 2023-04-28 16:01:52.623 [JavaFX Application Thread] > NavigationViewController >> initialize - Initializing NavigationViewController...
[INFO ] 2023-04-28 16:01:52.624 [JavaFX Application Thread] > NavigationViewController >> loadPane - Loading 'views/StartseiteView.fxml' into AnchorPane
[INFO ] 2023-04-28 16:01:52.686 [JavaFX Application Thread] > StartseiteViewController >> initialize - Initializing StartseiteViewController...
[INFO ] 2023-04-28 16:01:53.356 [JavaFX Application Thread] > Main >> start - Finished loading Scene
[INFO ] 2023-04-28 16:01:56.397 [JavaFX Application Thread] > NavigationViewController >> benutzerverwaltungButtonTapped - Knopf gedrückt: Benutzerverwaltung
[INFO ] 2023-04-28 16:01:56.397 [JavaFX Application Thread] > NavigationViewController >> loadPane - Loading 'views/BenutzerdatenListeView.fxml' into AnchorPane
[INFO ] 2023-04-28 16:04:11.470 [main] > Main >> main - Initialising program...
[INFO ] 2023-04-28 16:04:11.524 [JavaFX Application Thread] > Main >> start - Initialising Scene...
[INFO ] 2023-04-28 16:04:12.074 [JavaFX Application Thread] > NavigationViewController >> initialize - Initializing NavigationViewController...
[INFO ] 2023-04-28 16:04:12.074 [JavaFX Application Thread] > NavigationViewController >> loadPane - Loading 'views/StartseiteView.fxml' into AnchorPane
[INFO ] 2023-04-28 16:04:12.094 [JavaFX Application Thread] > StartseiteViewController >> initialize - Initializing StartseiteViewController...
[INFO ] 2023-04-28 16:04:12.555 [JavaFX Application Thread] > Main >> start - Finished loading Scene
[INFO ] 2023-04-28 16:04:14.184 [JavaFX Application Thread] > NavigationViewController >> benutzerverwaltungButtonTapped - Knopf gedrückt: Benutzerverwaltung
[INFO ] 2023-04-28 16:04:14.185 [JavaFX Application Thread] > NavigationViewController >> loadPane - Loading 'views/BenutzerdatenListeView.fxml' into AnchorPane
[INFO ] 2023-04-28 16:48:37.924 [main] > Main >> main - Initialising program...
[INFO ] 2023-04-28 16:48:37.976 [JavaFX Application Thread] > Main >> start - Initialising Scene...
[INFO ] 2023-04-28 16:48:38.553 [JavaFX Application Thread] > NavigationViewController >> initialize - Initializing NavigationViewController...
[INFO ] 2023-04-28 16:48:38.554 [JavaFX Application Thread] > NavigationViewController >> loadPane - Loading 'views/StartseiteView.fxml' into AnchorPane
[INFO ] 2023-04-28 16:48:38.587 [JavaFX Application Thread] > StartseiteViewController >> initialize - Initializing StartseiteViewController...
[INFO ] 2023-04-28 16:48:39.006 [JavaFX Application Thread] > Main >> start - Finished loading Scene
[INFO ] 2023-04-28 16:48:41.680 [JavaFX Application Thread] > NavigationViewController >> benutzerverwaltungButtonTapped - Knopf gedrückt: Benutzerverwaltung
[INFO ] 2023-04-28 16:48:41.680 [JavaFX Application Thread] > NavigationViewController >> loadPane - Loading 'views/BenutzerdatenListeView.fxml' into AnchorPane
[INFO ] 2023-04-28 16:49:08.769 [main] > Main >> main - Initialising program...
[INFO ] 2023-04-28 16:49:08.814 [JavaFX Application Thread] > Main >> start - Initialising Scene...
[INFO ] 2023-04-28 16:49:09.289 [JavaFX Application Thread] > NavigationViewController >> initialize - Initializing NavigationViewController...
[INFO ] 2023-04-28 16:49:09.290 [JavaFX Application Thread] > NavigationViewController >> loadPane - Loading 'views/StartseiteView.fxml' into AnchorPane
[INFO ] 2023-04-28 16:49:09.314 [JavaFX Application Thread] > StartseiteViewController >> initialize - Initializing StartseiteViewController...
[INFO ] 2023-04-28 16:49:09.674 [JavaFX Application Thread] > Main >> start - Finished loading Scene
[INFO ] 2023-04-28 16:49:10.987 [JavaFX Application Thread] > NavigationViewController >> benutzerverwaltungButtonTapped - Knopf gedrückt: Benutzerverwaltung
[INFO ] 2023-04-28 16:49:10.988 [JavaFX Application Thread] > NavigationViewController >> loadPane - Loading 'views/BenutzerdatenListeView.fxml' into AnchorPane
[INFO ] 2023-04-28 16:51:43.947 [main] > Main >> main - Initialising program...
[INFO ] 2023-04-28 16:51:43.993 [JavaFX Application Thread] > Main >> start - Initialising Scene...
[INFO ] 2023-04-28 16:51:44.453 [JavaFX Application Thread] > NavigationViewController >> initialize - Initializing NavigationViewController...
[INFO ] 2023-04-28 16:51:44.454 [JavaFX Application Thread] > NavigationViewController >> loadPane - Loading 'views/StartseiteView.fxml' into AnchorPane
[INFO ] 2023-04-28 16:51:44.479 [JavaFX Application Thread] > StartseiteViewController >> initialize - Initializing StartseiteViewController...
[INFO ] 2023-04-28 16:51:44.833 [JavaFX Application Thread] > Main >> start - Finished loading Scene
[INFO ] 2023-04-28 16:51:47.839 [JavaFX Application Thread] > NavigationViewController >> benutzerverwaltungButtonTapped - Knopf gedrückt: Benutzerverwaltung
[INFO ] 2023-04-28 16:51:47.840 [JavaFX Application Thread] > NavigationViewController >> loadPane - Loading 'views/BenutzerdatenListeView.fxml' into AnchorPane
[INFO ] 2023-04-28 16:54:44.432 [main] > Main >> main - Initialising program...
[INFO ] 2023-04-28 16:54:44.475 [JavaFX Application Thread] > Main >> start - Initialising Scene...
[INFO ] 2023-04-28 16:54:44.970 [JavaFX Application Thread] > NavigationViewController >> initialize - Initializing NavigationViewController...
[INFO ] 2023-04-28 16:54:44.971 [JavaFX Application Thread] > NavigationViewController >> loadPane - Loading 'views/StartseiteView.fxml' into AnchorPane
[INFO ] 2023-04-28 16:54:44.995 [JavaFX Application Thread] > StartseiteViewController >> initialize - Initializing StartseiteViewController...
[INFO ] 2023-04-28 16:54:45.356 [JavaFX Application Thread] > Main >> start - Finished loading Scene
[INFO ] 2023-04-28 16:54:56.594 [JavaFX Application Thread] > NavigationViewController >> benutzerverwaltungButtonTapped - Knopf gedrückt: Benutzerverwaltung
[INFO ] 2023-04-28 16:54:56.595 [JavaFX Application Thread] > NavigationViewController >> loadPane - Loading 'views/BenutzerdatenListeView.fxml' into AnchorPane
[INFO ] 2023-04-28 16:55:33.878 [main] > Main >> main - Initialising program...
[INFO ] 2023-04-28 16:55:33.921 [JavaFX Application Thread] > Main >> start - Initialising Scene...
[INFO ] 2023-04-28 16:55:34.495 [JavaFX Application Thread] > NavigationViewController >> initialize - Initializing NavigationViewController...
[INFO ] 2023-04-28 16:55:34.496 [JavaFX Application Thread] > NavigationViewController >> loadPane - Loading 'views/StartseiteView.fxml' into AnchorPane
[INFO ] 2023-04-28 16:55:34.524 [JavaFX Application Thread] > StartseiteViewController >> initialize - Initializing StartseiteViewController...
[INFO ] 2023-04-28 16:55:34.900 [JavaFX Application Thread] > Main >> start - Finished loading Scene
[INFO ] 2023-04-28 16:55:51.246 [JavaFX Application Thread] > NavigationViewController >> benutzerverwaltungButtonTapped - Knopf gedrückt: Benutzerverwaltung
[INFO ] 2023-04-28 16:55:51.247 [JavaFX Application Thread] > NavigationViewController >> loadPane - Loading 'views/BenutzerdatenListeView.fxml' into AnchorPane
[INFO ] 2023-04-28 16:56:54.595 [main] > Main >> main - Initialising program...
[INFO ] 2023-04-28 16:56:54.631 [JavaFX Application Thread] > Main >> start - Initialising Scene...
[INFO ] 2023-04-28 16:56:55.086 [JavaFX Application Thread] > NavigationViewController >> initialize - Initializing NavigationViewController...
[INFO ] 2023-04-28 16:56:55.087 [JavaFX Application Thread] > NavigationViewController >> loadPane - Loading 'views/StartseiteView.fxml' into AnchorPane
[INFO ] 2023-04-28 16:56:55.109 [JavaFX Application Thread] > StartseiteViewController >> initialize - Initializing StartseiteViewController...
[INFO ] 2023-04-28 16:56:55.451 [JavaFX Application Thread] > Main >> start - Finished loading Scene
[INFO ] 2023-04-28 16:57:08.583 [JavaFX Application Thread] > NavigationViewController >> benutzerverwaltungButtonTapped - Knopf gedrückt: Benutzerverwaltung
[INFO ] 2023-04-28 16:57:08.583 [JavaFX Application Thread] > NavigationViewController >> loadPane - Loading 'views/BenutzerdatenListeView.fxml' into AnchorPane
[INFO ] 2023-04-28 16:59:05.345 [main] > Main >> main - Initialising program...
[INFO ] 2023-04-28 16:59:05.389 [JavaFX Application Thread] > Main >> start - Initialising Scene...
[INFO ] 2023-04-28 16:59:05.903 [JavaFX Application Thread] > NavigationViewController >> initialize - Initializing NavigationViewController...
[INFO ] 2023-04-28 16:59:05.904 [JavaFX Application Thread] > NavigationViewController >> loadPane - Loading 'views/StartseiteView.fxml' into AnchorPane
[INFO ] 2023-04-28 16:59:05.953 [JavaFX Application Thread] > StartseiteViewController >> initialize - Initializing StartseiteViewController...
[INFO ] 2023-04-28 16:59:06.327 [JavaFX Application Thread] > Main >> start - Finished loading Scene
[INFO ] 2023-04-28 16:59:07.553 [JavaFX Application Thread] > NavigationViewController >> benutzerverwaltungButtonTapped - Knopf gedrückt: Benutzerverwaltung
[INFO ] 2023-04-28 16:59:07.554 [JavaFX Application Thread] > NavigationViewController >> loadPane - Loading 'views/BenutzerdatenListeView.fxml' into AnchorPane
[INFO ] 2023-04-28 17:16:25.428 [main] > Main >> main - Initialising program...
[INFO ] 2023-04-28 17:16:25.474 [JavaFX Application Thread] > Main >> start - Initialising Scene...
[INFO ] 2023-04-28 17:16:25.951 [JavaFX Application Thread] > NavigationViewController >> initialize - Initializing NavigationViewController...
[INFO ] 2023-04-28 17:16:25.952 [JavaFX Application Thread] > NavigationViewController >> loadPane - Loading 'views/StartseiteView.fxml' into AnchorPane
[INFO ] 2023-04-28 17:16:25.983 [JavaFX Application Thread] > StartseiteViewController >> initialize - Initializing StartseiteViewController...
[INFO ] 2023-04-28 17:16:26.387 [JavaFX Application Thread] > Main >> start - Finished loading Scene
[INFO ] 2023-04-28 17:16:27.586 [JavaFX Application Thread] > NavigationViewController >> benutzerverwaltungButtonTapped - Knopf gedrückt: Benutzerverwaltung
[INFO ] 2023-04-28 17:16:27.587 [JavaFX Application Thread] > NavigationViewController >> loadPane - Loading 'views/BenutzerdatenListeView.fxml' into AnchorPane
[INFO ] 2023-04-28 17:22:38.079 [main] > Main >> main - Initialising program...
[INFO ] 2023-04-28 17:22:38.132 [JavaFX Application Thread] > Main >> start - Initialising Scene...
[INFO ] 2023-04-28 17:22:38.616 [JavaFX Application Thread] > NavigationViewController >> initialize - Initializing NavigationViewController...
[INFO ] 2023-04-28 17:22:38.617 [JavaFX Application Thread] > NavigationViewController >> loadPane - Loading 'views/StartseiteView.fxml' into AnchorPane
[INFO ] 2023-04-28 17:22:38.641 [JavaFX Application Thread] > StartseiteViewController >> initialize - Initializing StartseiteViewController...
[INFO ] 2023-04-28 17:22:39.174 [JavaFX Application Thread] > Main >> start - Finished loading Scene
[INFO ] 2023-04-28 17:22:44.313 [JavaFX Application Thread] > NavigationViewController >> benutzerverwaltungButtonTapped - Knopf gedrückt: Benutzerverwaltung
[INFO ] 2023-04-28 17:22:44.313 [JavaFX Application Thread] > NavigationViewController >> loadPane - Loading 'views/BenutzerdatenListeView.fxml' into AnchorPane
[INFO ] 2023-04-28 17:23:06.358 [main] > Main >> main - Initialising program...
[INFO ] 2023-04-28 17:23:06.398 [JavaFX Application Thread] > Main >> start - Initialising Scene...
[INFO ] 2023-04-28 17:23:06.856 [JavaFX Application Thread] > NavigationViewController >> initialize - Initializing NavigationViewController...
[INFO ] 2023-04-28 17:23:06.857 [JavaFX Application Thread] > NavigationViewController >> loadPane - Loading 'views/StartseiteView.fxml' into AnchorPane
[INFO ] 2023-04-28 17:23:06.879 [JavaFX Application Thread] > StartseiteViewController >> initialize - Initializing StartseiteViewController...
[INFO ] 2023-04-28 17:23:07.276 [JavaFX Application Thread] > Main >> start - Finished loading Scene
[INFO ] 2023-04-28 17:23:08.476 [JavaFX Application Thread] > NavigationViewController >> benutzerverwaltungButtonTapped - Knopf gedrückt: Benutzerverwaltung
[INFO ] 2023-04-28 17:23:08.477 [JavaFX Application Thread] > NavigationViewController >> loadPane - Loading 'views/BenutzerdatenListeView.fxml' into AnchorPane
[INFO ] 2023-04-28 17:23:55.918 [main] > Main >> main - Initialising program...
[INFO ] 2023-04-28 17:23:55.961 [JavaFX Application Thread] > Main >> start - Initialising Scene...
[INFO ] 2023-04-28 17:23:56.406 [JavaFX Application Thread] > NavigationViewController >> initialize - Initializing NavigationViewController...
[INFO ] 2023-04-28 17:23:56.407 [JavaFX Application Thread] > NavigationViewController >> loadPane - Loading 'views/StartseiteView.fxml' into AnchorPane
[INFO ] 2023-04-28 17:23:56.430 [JavaFX Application Thread] > StartseiteViewController >> initialize - Initializing StartseiteViewController...
[INFO ] 2023-04-28 17:23:56.777 [JavaFX Application Thread] > Main >> start - Finished loading Scene
[INFO ] 2023-04-28 17:23:58.134 [JavaFX Application Thread] > NavigationViewController >> benutzerverwaltungButtonTapped - Knopf gedrückt: Benutzerverwaltung
[INFO ] 2023-04-28 17:23:58.135 [JavaFX Application Thread] > NavigationViewController >> loadPane - Loading 'views/BenutzerdatenListeView.fxml' into AnchorPane
[INFO ] 2023-04-28 17:26:05.278 [main] > Main >> main - Initialising program...
[INFO ] 2023-04-28 17:26:05.322 [JavaFX Application Thread] > Main >> start - Initialising Scene...
[INFO ] 2023-04-28 17:26:05.801 [JavaFX Application Thread] > NavigationViewController >> initialize - Initializing NavigationViewController...
[INFO ] 2023-04-28 17:26:05.801 [JavaFX Application Thread] > NavigationViewController >> loadPane - Loading 'views/StartseiteView.fxml' into AnchorPane
[INFO ] 2023-04-28 17:26:05.825 [JavaFX Application Thread] > StartseiteViewController >> initialize - Initializing StartseiteViewController...
[INFO ] 2023-04-28 17:26:06.180 [JavaFX Application Thread] > Main >> start - Finished loading Scene
[INFO ] 2023-04-28 17:26:07.587 [JavaFX Application Thread] > NavigationViewController >> benutzerverwaltungButtonTapped - Knopf gedrückt: Benutzerverwaltung
[INFO ] 2023-04-28 17:26:07.588 [JavaFX Application Thread] > NavigationViewController >> loadPane - Loading 'views/BenutzerdatenListeView.fxml' into AnchorPane
[INFO ] 2023-04-28 17:27:12.005 [main] > Main >> main - Initialising program...
[INFO ] 2023-04-28 17:27:12.053 [JavaFX Application Thread] > Main >> start - Initialising Scene...
[INFO ] 2023-04-28 17:27:12.562 [JavaFX Application Thread] > NavigationViewController >> initialize - Initializing NavigationViewController...
[INFO ] 2023-04-28 17:27:12.563 [JavaFX Application Thread] > NavigationViewController >> loadPane - Loading 'views/StartseiteView.fxml' into AnchorPane
[INFO ] 2023-04-28 17:27:12.592 [JavaFX Application Thread] > StartseiteViewController >> initialize - Initializing StartseiteViewController...
[INFO ] 2023-04-28 17:27:12.938 [JavaFX Application Thread] > Main >> start - Finished loading Scene
[INFO ] 2023-04-28 17:27:14.681 [JavaFX Application Thread] > NavigationViewController >> benutzerverwaltungButtonTapped - Knopf gedrückt: Benutzerverwaltung
[INFO ] 2023-04-28 17:27:14.682 [JavaFX Application Thread] > NavigationViewController >> loadPane - Loading 'views/BenutzerdatenListeView.fxml' into AnchorPane
[INFO ] 2023-04-28 17:27:27.998 [main] > Main >> main - Initialising program...
[INFO ] 2023-04-28 17:27:28.042 [JavaFX Application Thread] > Main >> start - Initialising Scene...
[INFO ] 2023-04-28 17:27:28.571 [JavaFX Application Thread] > NavigationViewController >> initialize - Initializing NavigationViewController...
[INFO ] 2023-04-28 17:27:28.572 [JavaFX Application Thread] > NavigationViewController >> loadPane - Loading 'views/StartseiteView.fxml' into AnchorPane
[INFO ] 2023-04-28 17:27:28.599 [JavaFX Application Thread] > StartseiteViewController >> initialize - Initializing StartseiteViewController...
[INFO ] 2023-04-28 17:27:29.089 [JavaFX Application Thread] > Main >> start - Finished loading Scene
[INFO ] 2023-04-28 17:27:30.212 [JavaFX Application Thread] > NavigationViewController >> benutzerverwaltungButtonTapped - Knopf gedrückt: Benutzerverwaltung
[INFO ] 2023-04-28 17:27:30.213 [JavaFX Application Thread] > NavigationViewController >> loadPane - Loading 'views/BenutzerdatenListeView.fxml' into AnchorPane
[INFO ] 2023-04-28 17:28:04.165 [main] > Main >> main - Initialising program...
[INFO ] 2023-04-28 17:28:04.215 [JavaFX Application Thread] > Main >> start - Initialising Scene...
[INFO ] 2023-04-28 17:28:04.808 [JavaFX Application Thread] > NavigationViewController >> initialize - Initializing NavigationViewController...
[INFO ] 2023-04-28 17:28:04.809 [JavaFX Application Thread] > NavigationViewController >> loadPane - Loading 'views/StartseiteView.fxml' into AnchorPane
[INFO ] 2023-04-28 17:28:04.832 [JavaFX Application Thread] > StartseiteViewController >> initialize - Initializing StartseiteViewController...
[INFO ] 2023-04-28 17:28:05.230 [JavaFX Application Thread] > Main >> start - Finished loading Scene
[INFO ] 2023-04-28 17:28:06.338 [JavaFX Application Thread] > NavigationViewController >> benutzerverwaltungButtonTapped - Knopf gedrückt: Benutzerverwaltung
[INFO ] 2023-04-28 17:28:06.339 [JavaFX Application Thread] > NavigationViewController >> loadPane - Loading 'views/BenutzerdatenListeView.fxml' into AnchorPane
[INFO ] 2023-04-28 17:31:29.748 [main] > Main >> main - Initialising program...
[INFO ] 2023-04-28 17:31:29.793 [JavaFX Application Thread] > Main >> start - Initialising Scene...
[INFO ] 2023-04-28 17:31:30.369 [JavaFX Application Thread] > NavigationViewController >> initialize - Initializing NavigationViewController...
[INFO ] 2023-04-28 17:31:30.370 [JavaFX Application Thread] > NavigationViewController >> loadPane - Loading 'views/StartseiteView.fxml' into AnchorPane
[INFO ] 2023-04-28 17:31:30.418 [JavaFX Application Thread] > StartseiteViewController >> initialize - Initializing StartseiteViewController...
[INFO ] 2023-04-28 17:31:30.825 [JavaFX Application Thread] > Main >> start - Finished loading Scene
[INFO ] 2023-04-28 17:31:33.438 [JavaFX Application Thread] > NavigationViewController >> benutzerverwaltungButtonTapped - Knopf gedrückt: Benutzerverwaltung
[INFO ] 2023-04-28 17:31:33.438 [JavaFX Application Thread] > NavigationViewController >> loadPane - Loading 'views/BenutzerdatenListeView.fxml' into AnchorPane
